<?xml version="1.0" encoding="UTF-8"?>
<testsuite errors="2" failures="8" tests="20" name="aunit">
    <testcase classname="WGS84_Acc_ABEAM_BrgLeg_0001" name="0001" time="0.000" />
    <testcase classname="WGS84_Acc_ABEAM_BrgLeg_0002" name="0001" time="0.000" />
    <testcase classname="WGS84_Acc_CCD_0001" name="0001" time="0.000" />
    <testcase classname="WGS84_Acc_CCD_0002" name="0001" time="0.000" />
    <testcase classname="WGS84_Acc_XTK_Left_0001" name="0001" time="0.000" />
    <testcase classname="WGS84_Acc_XTK_Left_0002" name="0001" time="0.000" />
    <testcase classname="WGS84_Acc_DTK_Right_0001" name="0001" time="0.000" />
    <testcase classname="WGS84_Acc_DTK_Right_0002" name="0001" time="0.000" />
    <testcase classname="WGS84_Acc_Dist_To_End_0001" name="0001" time="0.000" />
    <testcase classname="WGS84_Acc_Dist_To_End_0002" name="0001" time="0.000" />
    <testcase classname="WGS84_Acc_ABEAM_BrgOrtho_0001" name="0001" time="0.000">
        <failure message="Test KO; 1.0; over ; 964.0; iterations." type="Assertion">Test KO; 1.0; over ; 964.0; iterations.</failure>
        <system-err>&#xD;[File] - avbu-tests_accuracy.adb&#xD;[Line] - 129&#xD;</system-err>
    </testcase>
    <testcase classname="WGS84_Acc_ABEAM_BrgOrtho_0002" name="0001" time="0.000">
        <failure message="Test KO; 5.0; over ; 2932.0; iterations." type="Assertion">Test KO; 5.0; over ; 2932.0; iterations.</failure>
        <system-err>&#xD;[File] - avbu-tests_accuracy.adb&#xD;[Line] - 129&#xD;</system-err>
    </testcase>
    <testcase classname="WGS84_Acc_CCD_0003" name="0001" time="0.000">
        <failure message="Test KO; 802.0; over ; 9990.0; iterations." type="Assertion">Test KO; 802.0; over ; 9990.0; iterations.</failure>
        <system-err>&#xD;[File] - avbu-tests_accuracy.adb&#xD;[Line] - 129&#xD;</system-err>
    </testcase>
    <testcase classname="WGS84_Acc_XTK_Arc_Left_0002" name="0001" time="0.000">
        <failure message="Test KO; 1.0; over ; 305.0; iterations." type="Assertion">Test KO; 1.0; over ; 305.0; iterations.</failure>
        <system-err>&#xD;[File] - avbu-tests_accuracy.adb&#xD;[Line] - 129&#xD;</system-err>
    </testcase>
    <testcase classname="WGS84_Acc_XTK_Arc_Right_0001" name="0001" time="0.000">
        <failure message="Test KO; 1.0; over ; 305.0; iterations." type="Assertion">Test KO; 1.0; over ; 305.0; iterations.</failure>
        <system-err>&#xD;[File] - avbu-tests_accuracy.adb&#xD;[Line] - 129&#xD;</system-err>
    </testcase>
    <testcase classname="WGS84_Acc_Dist_Arc_0002" name="0001" time="0.000">
        <failure message="Test KO; 285.0; over ; 305.0; iterations." type="Assertion">Test KO; 285.0; over ; 305.0; iterations.</failure>
        <system-err>&#xD;[File] - avbu-tests_accuracy.adb&#xD;[Line] - 129&#xD;</system-err>
    </testcase>
    <testcase classname="WGS84_Acc_PBPD_Plane_Dist_0001" name="0001" time="0.000">
        <failure message="Test KO; 610.0; over ; 10000.0; iterations." type="Assertion">Test KO; 610.0; over ; 10000.0; iterations.</failure>
        <system-err>&#xD;[File] - avbu-tests_accuracy.adb&#xD;[Line] - 129&#xD;</system-err>
    </testcase>
    <testcase classname="WGS84_Acc_PBPD_Plane_Dist_0002" name="0001" time="0.000">
        <failure message="Test KO; 852.0; over ; 10000.0; iterations." type="Assertion">Test KO; 852.0; over ; 10000.0; iterations.</failure>
        <system-err>&#xD;[File] - avbu-tests_accuracy.adb&#xD;[Line] - 129&#xD;</system-err>
    </testcase>
    <testcase classname="WGS84_Acc_PBPD_Spherical_Dist_0002" name="0001" time="0.000">
        <error message="CONSTRAINT_ERROR" type="Error">CONSTRAINT_ERROR</error>
        <system-err>CONSTRAINT_ERROR at iteratif_basic_algos-cbd.adb:101 invalid data</system-err>
    </testcase>
    <testcase classname="WGS84_Acc_PBPD_Spherical_Dist_0003" name="0002" time="0.000">
        <error message="CONSTRAINT_ERROR" type="Error">CONSTRAINT_ERROR</error>
        <system-err>CONSTRAINT_ERROR at iteratif_basic_algos-cbd.adb:101 invalid data</system-err>
    </testcase>
</testsuite>
